{"D:\\My folder\\UDEMY\\JavaScript + Vue\\HTML уроки\\104 Тестирование проекта Avia Tickets\\src\\js\\app.js": {"path":"D:\\My folder\\UDEMY\\JavaScript + Vue\\HTML уроки\\104 Тестирование проекта Avia Tickets\\src\\js\\app.js","statementMap":{"0":{"start":{"line":15,"column":0},"end":{"line":65,"column":3}},"1":{"start":{"line":16,"column":4},"end":{"line":16,"column":14}},"2":{"start":{"line":17,"column":17},"end":{"line":17,"column":28}},"3":{"start":{"line":20,"column":4},"end":{"line":23,"column":7}},"4":{"start":{"line":21,"column":8},"end":{"line":21,"column":27}},"5":{"start":{"line":22,"column":8},"end":{"line":22,"column":23}},"6":{"start":{"line":28,"column":8},"end":{"line":28,"column":31}},"7":{"start":{"line":29,"column":8},"end":{"line":29,"column":61}},"8":{"start":{"line":32,"column":17},"end":{"line":32,"column":19}},"9":{"start":{"line":36,"column":23},"end":{"line":36,"column":69}},"10":{"start":{"line":37,"column":28},"end":{"line":37,"column":79}},"11":{"start":{"line":38,"column":28},"end":{"line":38,"column":46}},"12":{"start":{"line":39,"column":28},"end":{"line":39,"column":46}},"13":{"start":{"line":40,"column":25},"end":{"line":40,"column":49}},"14":{"start":{"line":45,"column":8},"end":{"line":48,"column":9}},"15":{"start":{"line":46,"column":12},"end":{"line":46,"column":54}},"16":{"start":{"line":47,"column":12},"end":{"line":47,"column":19}},"17":{"start":{"line":50,"column":8},"end":{"line":56,"column":11}},"18":{"start":{"line":58,"column":8},"end":{"line":58,"column":79}},"19":{"start":{"line":61,"column":8},"end":{"line":61,"column":54}},"20":{"start":{"line":62,"column":8},"end":{"line":62,"column":54}},"21":{"start":{"line":68,"column":0},"end":{"line":76,"column":3}},"22":{"start":{"line":69,"column":4},"end":{"line":74,"column":5}},"23":{"start":{"line":70,"column":23},"end":{"line":70,"column":57}},"24":{"start":{"line":71,"column":25},"end":{"line":71,"column":48}},"25":{"start":{"line":72,"column":8},"end":{"line":72,"column":46}},"26":{"start":{"line":79,"column":0},"end":{"line":85,"column":3}},"27":{"start":{"line":80,"column":4},"end":{"line":84,"column":5}},"28":{"start":{"line":81,"column":23},"end":{"line":81,"column":57}},"29":{"start":{"line":82,"column":25},"end":{"line":82,"column":48}},"30":{"start":{"line":83,"column":8},"end":{"line":83,"column":49}}},"fnMap":{"0":{"name":"(anonymous_0)","decl":{"start":{"line":15,"column":45},"end":{"line":15,"column":46}},"loc":{"start":{"line":15,"column":51},"end":{"line":65,"column":1}},"line":15},"1":{"name":"(anonymous_1)","decl":{"start":{"line":20,"column":36},"end":{"line":20,"column":37}},"loc":{"start":{"line":20,"column":43},"end":{"line":23,"column":5}},"line":20},"2":{"name":"initApp","decl":{"start":{"line":26,"column":19},"end":{"line":26,"column":26}},"loc":{"start":{"line":26,"column":29},"end":{"line":30,"column":5}},"line":26},"3":{"name":"onFormSubmit","decl":{"start":{"line":34,"column":19},"end":{"line":34,"column":31}},"loc":{"start":{"line":34,"column":34},"end":{"line":63,"column":5}},"line":34},"4":{"name":"(anonymous_4)","decl":{"start":{"line":68,"column":35},"end":{"line":68,"column":36}},"loc":{"start":{"line":68,"column":49},"end":{"line":76,"column":1}},"line":68},"5":{"name":"(anonymous_5)","decl":{"start":{"line":79,"column":35},"end":{"line":79,"column":36}},"loc":{"start":{"line":79,"column":49},"end":{"line":85,"column":1}},"line":79}},"branchMap":{"0":{"loc":{"start":{"line":45,"column":8},"end":{"line":48,"column":9}},"type":"if","locations":[{"start":{"line":45,"column":8},"end":{"line":48,"column":9}},{"start":{},"end":{}}],"line":45},"1":{"loc":{"start":{"line":69,"column":4},"end":{"line":74,"column":5}},"type":"if","locations":[{"start":{"line":69,"column":4},"end":{"line":74,"column":5}},{"start":{},"end":{}}],"line":69},"2":{"loc":{"start":{"line":80,"column":4},"end":{"line":84,"column":5}},"type":"if","locations":[{"start":{"line":80,"column":4},"end":{"line":84,"column":5}},{"start":{},"end":{}}],"line":80}},"s":{"0":0,"1":0,"2":0,"3":0,"4":0,"5":0,"6":0,"7":0,"8":0,"9":0,"10":0,"11":0,"12":0,"13":0,"14":0,"15":0,"16":0,"17":0,"18":0,"19":0,"20":0,"21":0,"22":0,"23":0,"24":0,"25":0,"26":0,"27":0,"28":0,"29":0,"30":0},"f":{"0":0,"1":0,"2":0,"3":0,"4":0,"5":0},"b":{"0":[0,0],"1":[0,0],"2":[0,0]}}
,"D:\\My folder\\UDEMY\\JavaScript + Vue\\HTML уроки\\104 Тестирование проекта Avia Tickets\\src\\js\\config\\apiConfig.js": {"path":"D:\\My folder\\UDEMY\\JavaScript + Vue\\HTML уроки\\104 Тестирование проекта Avia Tickets\\src\\js\\config\\apiConfig.js","statementMap":{"0":{"start":{"line":1,"column":15},"end":{"line":4,"column":1}}},"fnMap":{},"branchMap":{},"s":{"0":0},"f":{},"b":{}}
,"D:\\My folder\\UDEMY\\JavaScript + Vue\\HTML уроки\\104 Тестирование проекта Avia Tickets\\src\\js\\helpers\\date.js": {"path":"D:\\My folder\\UDEMY\\JavaScript + Vue\\HTML уроки\\104 Тестирование проекта Avia Tickets\\src\\js\\helpers\\date.js","statementMap":{"0":{"start":{"line":10,"column":17},"end":{"line":10,"column":30}},"1":{"start":{"line":11,"column":4},"end":{"line":11,"column":30}}},"fnMap":{"0":{"name":"formatDate","decl":{"start":{"line":9,"column":16},"end":{"line":9,"column":26}},"loc":{"start":{"line":9,"column":38},"end":{"line":12,"column":1}},"line":9}},"branchMap":{},"s":{"0":1,"1":1},"f":{"0":1},"b":{},"_coverageSchema":"1a1c01bbd47fc00a2c39e90264f33305004495a9","hash":"a76c834e104590a92849855a01457d60127e7dfd"}
,"D:\\My folder\\UDEMY\\JavaScript + Vue\\HTML уроки\\104 Тестирование проекта Avia Tickets\\src\\js\\plugins\\index.js": {"path":"D:\\My folder\\UDEMY\\JavaScript + Vue\\HTML уроки\\104 Тестирование проекта Avia Tickets\\src\\js\\plugins\\index.js","statementMap":{},"fnMap":{},"branchMap":{},"s":{},"f":{},"b":{}}
,"D:\\My folder\\UDEMY\\JavaScript + Vue\\HTML уроки\\104 Тестирование проекта Avia Tickets\\src\\js\\plugins\\materialize.js": {"path":"D:\\My folder\\UDEMY\\JavaScript + Vue\\HTML уроки\\104 Тестирование проекта Avia Tickets\\src\\js\\plugins\\materialize.js","statementMap":{"0":{"start":{"line":5,"column":18},"end":{"line":5,"column":64}},"1":{"start":{"line":6,"column":0},"end":{"line":6,"column":27}},"2":{"start":{"line":9,"column":15},"end":{"line":9,"column":50}},"3":{"start":{"line":10,"column":0},"end":{"line":10,"column":26}},"4":{"start":{"line":13,"column":4},"end":{"line":13,"column":42}},"5":{"start":{"line":17,"column":21},"end":{"line":17,"column":63}},"6":{"start":{"line":18,"column":0},"end":{"line":24,"column":3}},"7":{"start":{"line":27,"column":4},"end":{"line":27,"column":44}},"8":{"start":{"line":31,"column":20},"end":{"line":31,"column":60}},"9":{"start":{"line":32,"column":0},"end":{"line":35,"column":3}},"10":{"start":{"line":38,"column":4},"end":{"line":38,"column":42}}},"fnMap":{"0":{"name":"getSelectInstance","decl":{"start":{"line":12,"column":16},"end":{"line":12,"column":33}},"loc":{"start":{"line":12,"column":40},"end":{"line":14,"column":1}},"line":12},"1":{"name":"getAutocompleteInstance","decl":{"start":{"line":26,"column":16},"end":{"line":26,"column":39}},"loc":{"start":{"line":26,"column":46},"end":{"line":28,"column":1}},"line":26},"2":{"name":"getDatePickerInstance","decl":{"start":{"line":37,"column":16},"end":{"line":37,"column":37}},"loc":{"start":{"line":37,"column":44},"end":{"line":39,"column":1}},"line":37}},"branchMap":{},"s":{"0":0,"1":0,"2":0,"3":0,"4":0,"5":0,"6":0,"7":0,"8":0,"9":0,"10":0},"f":{"0":0,"1":0,"2":0},"b":{}}
,"D:\\My folder\\UDEMY\\JavaScript + Vue\\HTML уроки\\104 Тестирование проекта Avia Tickets\\src\\js\\services\\apiService.js": {"path":"D:\\My folder\\UDEMY\\JavaScript + Vue\\HTML уроки\\104 Тестирование проекта Avia Tickets\\src\\js\\services\\apiService.js","statementMap":{"0":{"start":{"line":13,"column":8},"end":{"line":13,"column":30}},"1":{"start":{"line":16,"column":8},"end":{"line":22,"column":9}},"2":{"start":{"line":17,"column":29},"end":{"line":17,"column":69}},"3":{"start":{"line":18,"column":12},"end":{"line":18,"column":33}},"4":{"start":{"line":20,"column":12},"end":{"line":20,"column":29}},"5":{"start":{"line":21,"column":12},"end":{"line":21,"column":39}},"6":{"start":{"line":25,"column":8},"end":{"line":31,"column":9}},"7":{"start":{"line":26,"column":29},"end":{"line":26,"column":66}},"8":{"start":{"line":27,"column":12},"end":{"line":27,"column":33}},"9":{"start":{"line":29,"column":12},"end":{"line":29,"column":29}},"10":{"start":{"line":30,"column":12},"end":{"line":30,"column":39}},"11":{"start":{"line":34,"column":8},"end":{"line":40,"column":9}},"12":{"start":{"line":35,"column":29},"end":{"line":35,"column":68}},"13":{"start":{"line":36,"column":12},"end":{"line":36,"column":33}},"14":{"start":{"line":38,"column":12},"end":{"line":38,"column":29}},"15":{"start":{"line":39,"column":12},"end":{"line":39,"column":39}},"16":{"start":{"line":43,"column":8},"end":{"line":51,"column":9}},"17":{"start":{"line":44,"column":29},"end":{"line":46,"column":14}},"18":{"start":{"line":47,"column":12},"end":{"line":47,"column":33}},"19":{"start":{"line":49,"column":12},"end":{"line":49,"column":29}},"20":{"start":{"line":50,"column":12},"end":{"line":50,"column":39}},"21":{"start":{"line":55,"column":12},"end":{"line":55,"column":27}}},"fnMap":{"0":{"name":"(anonymous_0)","decl":{"start":{"line":12,"column":4},"end":{"line":12,"column":5}},"loc":{"start":{"line":12,"column":24},"end":{"line":14,"column":5}},"line":12},"1":{"name":"(anonymous_1)","decl":{"start":{"line":15,"column":4},"end":{"line":15,"column":5}},"loc":{"start":{"line":15,"column":22},"end":{"line":23,"column":5}},"line":15},"2":{"name":"(anonymous_2)","decl":{"start":{"line":24,"column":4},"end":{"line":24,"column":5}},"loc":{"start":{"line":24,"column":19},"end":{"line":32,"column":5}},"line":24},"3":{"name":"(anonymous_3)","decl":{"start":{"line":33,"column":4},"end":{"line":33,"column":5}},"loc":{"start":{"line":33,"column":21},"end":{"line":41,"column":5}},"line":33},"4":{"name":"(anonymous_4)","decl":{"start":{"line":42,"column":4},"end":{"line":42,"column":5}},"loc":{"start":{"line":42,"column":25},"end":{"line":52,"column":5}},"line":42}},"branchMap":{},"s":{"0":0,"1":0,"2":0,"3":0,"4":0,"5":0,"6":0,"7":0,"8":0,"9":0,"10":0,"11":0,"12":0,"13":0,"14":0,"15":0,"16":0,"17":0,"18":0,"19":0,"20":0,"21":0},"f":{"0":0,"1":0,"2":0,"3":0,"4":0},"b":{}}
,"D:\\My folder\\UDEMY\\JavaScript + Vue\\HTML уроки\\104 Тестирование проекта Avia Tickets\\src\\js\\store\\favorites.js": {"path":"D:\\My folder\\UDEMY\\JavaScript + Vue\\HTML уроки\\104 Тестирование проекта Avia Tickets\\src\\js\\store\\favorites.js","statementMap":{"0":{"start":{"line":7,"column":8},"end":{"line":7,"column":34}},"1":{"start":{"line":8,"column":8},"end":{"line":8,"column":35}},"2":{"start":{"line":9,"column":8},"end":{"line":9,"column":75}},"3":{"start":{"line":10,"column":8},"end":{"line":10,"column":81}},"4":{"start":{"line":14,"column":8},"end":{"line":14,"column":37}},"5":{"start":{"line":18,"column":31},"end":{"line":20,"column":10}},"6":{"start":{"line":19,"column":11},"end":{"line":19,"column":48}},"7":{"start":{"line":22,"column":8},"end":{"line":25,"column":9}},"8":{"start":{"line":22,"column":49},"end":{"line":22,"column":78}},"9":{"start":{"line":23,"column":12},"end":{"line":23,"column":44}},"10":{"start":{"line":24,"column":12},"end":{"line":24,"column":19}},"11":{"start":{"line":27,"column":8},"end":{"line":27,"column":51}},"12":{"start":{"line":29,"column":8},"end":{"line":29,"column":42}},"13":{"start":{"line":34,"column":8},"end":{"line":41,"column":15}},"14":{"start":{"line":36,"column":12},"end":{"line":38,"column":13}},"15":{"start":{"line":37,"column":16},"end":{"line":37,"column":27}},"16":{"start":{"line":39,"column":12},"end":{"line":39,"column":29}},"17":{"start":{"line":40,"column":12},"end":{"line":40,"column":23}},"18":{"start":{"line":43,"column":8},"end":{"line":43,"column":43}},"19":{"start":{"line":47,"column":18},"end":{"line":47,"column":51}}},"fnMap":{"0":{"name":"(anonymous_0)","decl":{"start":{"line":6,"column":4},"end":{"line":6,"column":5}},"loc":{"start":{"line":6,"column":27},"end":{"line":11,"column":5}},"line":6},"1":{"name":"(anonymous_1)","decl":{"start":{"line":13,"column":4},"end":{"line":13,"column":5}},"loc":{"start":{"line":13,"column":27},"end":{"line":15,"column":5}},"line":13},"2":{"name":"(anonymous_2)","decl":{"start":{"line":17,"column":4},"end":{"line":17,"column":5}},"loc":{"start":{"line":17,"column":32},"end":{"line":30,"column":5}},"line":17},"3":{"name":"(anonymous_3)","decl":{"start":{"line":18,"column":55},"end":{"line":18,"column":56}},"loc":{"start":{"line":18,"column":65},"end":{"line":20,"column":9}},"line":18},"4":{"name":"(anonymous_4)","decl":{"start":{"line":22,"column":39},"end":{"line":22,"column":40}},"loc":{"start":{"line":22,"column":49},"end":{"line":22,"column":78}},"line":22},"5":{"name":"(anonymous_5)","decl":{"start":{"line":32,"column":4},"end":{"line":32,"column":5}},"loc":{"start":{"line":32,"column":35},"end":{"line":44,"column":5}},"line":32},"6":{"name":"(anonymous_6)","decl":{"start":{"line":34,"column":61},"end":{"line":34,"column":62}},"loc":{"start":{"line":34,"column":78},"end":{"line":41,"column":9}},"line":34}},"branchMap":{"0":{"loc":{"start":{"line":22,"column":8},"end":{"line":25,"column":9}},"type":"if","locations":[{"start":{"line":22,"column":8},"end":{"line":25,"column":9}},{"start":{},"end":{}}],"line":22},"1":{"loc":{"start":{"line":36,"column":12},"end":{"line":38,"column":13}},"type":"if","locations":[{"start":{"line":36,"column":12},"end":{"line":38,"column":13}},{"start":{},"end":{}}],"line":36}},"s":{"0":0,"1":0,"2":0,"3":0,"4":0,"5":0,"6":0,"7":0,"8":0,"9":0,"10":0,"11":0,"12":0,"13":0,"14":0,"15":0,"16":0,"17":0,"18":0,"19":0},"f":{"0":0,"1":0,"2":0,"3":0,"4":0,"5":0,"6":0},"b":{"0":[0,0],"1":[0,0]}}
,"D:\\My folder\\UDEMY\\JavaScript + Vue\\HTML уроки\\104 Тестирование проекта Avia Tickets\\src\\js\\store\\locations.js": {"path":"D:\\My folder\\UDEMY\\JavaScript + Vue\\HTML уроки\\104 Тестирование проекта Avia Tickets\\src\\js\\store\\locations.js","statementMap":{"0":{"start":{"line":6,"column":8},"end":{"line":6,"column":23}},"1":{"start":{"line":7,"column":8},"end":{"line":7,"column":30}},"2":{"start":{"line":8,"column":8},"end":{"line":8,"column":27}},"3":{"start":{"line":9,"column":8},"end":{"line":9,"column":34}},"4":{"start":{"line":10,"column":8},"end":{"line":10,"column":29}},"5":{"start":{"line":11,"column":8},"end":{"line":11,"column":27}},"6":{"start":{"line":12,"column":8},"end":{"line":12,"column":45}},"7":{"start":{"line":16,"column":25},"end":{"line":20,"column":10}},"8":{"start":{"line":22,"column":46},"end":{"line":22,"column":54}},"9":{"start":{"line":23,"column":8},"end":{"line":23,"column":58}},"10":{"start":{"line":24,"column":8},"end":{"line":24,"column":51}},"11":{"start":{"line":25,"column":8},"end":{"line":25,"column":71}},"12":{"start":{"line":26,"column":8},"end":{"line":26,"column":57}},"13":{"start":{"line":29,"column":8},"end":{"line":29,"column":24}},"14":{"start":{"line":34,"column":21},"end":{"line":34,"column":84}},"15":{"start":{"line":34,"column":61},"end":{"line":34,"column":83}},"16":{"start":{"line":35,"column":8},"end":{"line":35,"column":25}},"17":{"start":{"line":40,"column":8},"end":{"line":40,"column":69}},"18":{"start":{"line":44,"column":8},"end":{"line":44,"column":67}},"19":{"start":{"line":48,"column":8},"end":{"line":48,"column":40}},"20":{"start":{"line":52,"column":8},"end":{"line":52,"column":38}},"21":{"start":{"line":58,"column":8},"end":{"line":61,"column":13}},"22":{"start":{"line":59,"column":12},"end":{"line":59,"column":39}},"23":{"start":{"line":60,"column":12},"end":{"line":60,"column":23}},"24":{"start":{"line":66,"column":8},"end":{"line":69,"column":13}},"25":{"start":{"line":67,"column":12},"end":{"line":67,"column":40}},"26":{"start":{"line":68,"column":12},"end":{"line":68,"column":23}},"27":{"start":{"line":74,"column":8},"end":{"line":84,"column":13}},"28":{"start":{"line":75,"column":12},"end":{"line":75,"column":63}},"29":{"start":{"line":76,"column":33},"end":{"line":76,"column":77}},"30":{"start":{"line":77,"column":30},"end":{"line":77,"column":60}},"31":{"start":{"line":78,"column":12},"end":{"line":82,"column":14}},"32":{"start":{"line":83,"column":12},"end":{"line":83,"column":23}},"33":{"start":{"line":87,"column":8},"end":{"line":92,"column":13}},"34":{"start":{"line":88,"column":12},"end":{"line":88,"column":63}},"35":{"start":{"line":89,"column":12},"end":{"line":89,"column":70}},"36":{"start":{"line":90,"column":12},"end":{"line":90,"column":34}},"37":{"start":{"line":91,"column":12},"end":{"line":91,"column":23}},"38":{"start":{"line":96,"column":8},"end":{"line":114,"column":10}},"39":{"start":{"line":97,"column":33},"end":{"line":97,"column":74}},"40":{"start":{"line":98,"column":33},"end":{"line":98,"column":74}},"41":{"start":{"line":99,"column":37},"end":{"line":99,"column":79}},"42":{"start":{"line":100,"column":32},"end":{"line":100,"column":69}},"43":{"start":{"line":101,"column":33},"end":{"line":101,"column":90}},"44":{"start":{"line":102,"column":30},"end":{"line":102,"column":83}},"45":{"start":{"line":103,"column":30},"end":{"line":103,"column":77}},"46":{"start":{"line":104,"column":12},"end":{"line":113,"column":14}},"47":{"start":{"line":118,"column":24},"end":{"line":118,"column":53}},"48":{"start":{"line":119,"column":8},"end":{"line":119,"column":62}},"49":{"start":{"line":123,"column":18},"end":{"line":123,"column":50}}},"fnMap":{"0":{"name":"(anonymous_0)","decl":{"start":{"line":5,"column":4},"end":{"line":5,"column":5}},"loc":{"start":{"line":5,"column":30},"end":{"line":13,"column":5}},"line":5},"1":{"name":"(anonymous_1)","decl":{"start":{"line":15,"column":4},"end":{"line":15,"column":5}},"loc":{"start":{"line":15,"column":17},"end":{"line":30,"column":5}},"line":15},"2":{"name":"(anonymous_2)","decl":{"start":{"line":32,"column":4},"end":{"line":32,"column":5}},"loc":{"start":{"line":32,"column":26},"end":{"line":36,"column":5}},"line":32},"3":{"name":"(anonymous_3)","decl":{"start":{"line":34,"column":53},"end":{"line":34,"column":54}},"loc":{"start":{"line":34,"column":61},"end":{"line":34,"column":83}},"line":34},"4":{"name":"(anonymous_4)","decl":{"start":{"line":38,"column":4},"end":{"line":38,"column":5}},"loc":{"start":{"line":38,"column":31},"end":{"line":41,"column":5}},"line":38},"5":{"name":"(anonymous_5)","decl":{"start":{"line":43,"column":4},"end":{"line":43,"column":5}},"loc":{"start":{"line":43,"column":31},"end":{"line":45,"column":5}},"line":43},"6":{"name":"(anonymous_6)","decl":{"start":{"line":47,"column":4},"end":{"line":47,"column":5}},"loc":{"start":{"line":47,"column":31},"end":{"line":49,"column":5}},"line":47},"7":{"name":"(anonymous_7)","decl":{"start":{"line":51,"column":4},"end":{"line":51,"column":5}},"loc":{"start":{"line":51,"column":28},"end":{"line":53,"column":5}},"line":51},"8":{"name":"(anonymous_8)","decl":{"start":{"line":55,"column":4},"end":{"line":55,"column":5}},"loc":{"start":{"line":55,"column":34},"end":{"line":62,"column":5}},"line":55},"9":{"name":"(anonymous_9)","decl":{"start":{"line":58,"column":45},"end":{"line":58,"column":46}},"loc":{"start":{"line":58,"column":63},"end":{"line":61,"column":9}},"line":58},"10":{"name":"(anonymous_10)","decl":{"start":{"line":64,"column":4},"end":{"line":64,"column":5}},"loc":{"start":{"line":64,"column":31},"end":{"line":70,"column":5}},"line":64},"11":{"name":"(anonymous_11)","decl":{"start":{"line":66,"column":32},"end":{"line":66,"column":33}},"loc":{"start":{"line":66,"column":50},"end":{"line":69,"column":9}},"line":66},"12":{"name":"(anonymous_12)","decl":{"start":{"line":72,"column":4},"end":{"line":72,"column":5}},"loc":{"start":{"line":72,"column":28},"end":{"line":85,"column":5}},"line":72},"13":{"name":"(anonymous_13)","decl":{"start":{"line":74,"column":29},"end":{"line":74,"column":30}},"loc":{"start":{"line":74,"column":44},"end":{"line":84,"column":9}},"line":74},"14":{"name":"(anonymous_14)","decl":{"start":{"line":86,"column":4},"end":{"line":86,"column":5}},"loc":{"start":{"line":86,"column":32},"end":{"line":93,"column":5}},"line":86},"15":{"name":"(anonymous_15)","decl":{"start":{"line":87,"column":31},"end":{"line":87,"column":32}},"loc":{"start":{"line":87,"column":46},"end":{"line":92,"column":9}},"line":87},"16":{"name":"(anonymous_16)","decl":{"start":{"line":95,"column":4},"end":{"line":95,"column":5}},"loc":{"start":{"line":95,"column":30},"end":{"line":115,"column":5}},"line":95},"17":{"name":"(anonymous_17)","decl":{"start":{"line":96,"column":42},"end":{"line":96,"column":43}},"loc":{"start":{"line":96,"column":52},"end":{"line":114,"column":9}},"line":96},"18":{"name":"(anonymous_18)","decl":{"start":{"line":117,"column":4},"end":{"line":117,"column":5}},"loc":{"start":{"line":117,"column":31},"end":{"line":120,"column":5}},"line":117}},"branchMap":{"0":{"loc":{"start":{"line":40,"column":15},"end":{"line":40,"column":68}},"type":"cond-expr","locations":[{"start":{"line":40,"column":38},"end":{"line":40,"column":63}},{"start":{"line":40,"column":66},"end":{"line":40,"column":68}}],"line":40},"1":{"loc":{"start":{"line":44,"column":15},"end":{"line":44,"column":66}},"type":"cond-expr","locations":[{"start":{"line":44,"column":37},"end":{"line":44,"column":61}},{"start":{"line":44,"column":64},"end":{"line":44,"column":66}}],"line":44},"2":{"loc":{"start":{"line":75,"column":24},"end":{"line":75,"column":62}},"type":"binary-expr","locations":[{"start":{"line":75,"column":24},"end":{"line":75,"column":33}},{"start":{"line":75,"column":37},"end":{"line":75,"column":62}}],"line":75},"3":{"loc":{"start":{"line":88,"column":24},"end":{"line":88,"column":62}},"type":"binary-expr","locations":[{"start":{"line":88,"column":24},"end":{"line":88,"column":33}},{"start":{"line":88,"column":37},"end":{"line":88,"column":62}}],"line":88}},"s":{"0":0,"1":0,"2":0,"3":0,"4":0,"5":0,"6":0,"7":0,"8":0,"9":0,"10":0,"11":0,"12":0,"13":0,"14":0,"15":0,"16":0,"17":0,"18":0,"19":0,"20":0,"21":0,"22":0,"23":0,"24":0,"25":0,"26":0,"27":0,"28":0,"29":0,"30":0,"31":0,"32":0,"33":0,"34":0,"35":0,"36":0,"37":0,"38":0,"39":0,"40":0,"41":0,"42":0,"43":0,"44":0,"45":0,"46":0,"47":0,"48":0,"49":0},"f":{"0":0,"1":0,"2":0,"3":0,"4":0,"5":0,"6":0,"7":0,"8":0,"9":0,"10":0,"11":0,"12":0,"13":0,"14":0,"15":0,"16":0,"17":0,"18":0},"b":{"0":[0,0],"1":[0,0],"2":[0,0],"3":[0,0]}}
,"D:\\My folder\\UDEMY\\JavaScript + Vue\\HTML уроки\\104 Тестирование проекта Avia Tickets\\src\\js\\views\\currency.js": {"path":"D:\\My folder\\UDEMY\\JavaScript + Vue\\HTML уроки\\104 Тестирование проекта Avia Tickets\\src\\js\\views\\currency.js","statementMap":{"0":{"start":{"line":3,"column":8},"end":{"line":3,"column":60}},"1":{"start":{"line":4,"column":8},"end":{"line":7,"column":9}},"2":{"start":{"line":11,"column":8},"end":{"line":11,"column":35}},"3":{"start":{"line":16,"column":8},"end":{"line":16,"column":51}},"4":{"start":{"line":20,"column":19},"end":{"line":20,"column":35}}},"fnMap":{"0":{"name":"(anonymous_0)","decl":{"start":{"line":2,"column":4},"end":{"line":2,"column":5}},"loc":{"start":{"line":2,"column":18},"end":{"line":8,"column":5}},"line":2},"1":{"name":"(anonymous_1)","decl":{"start":{"line":10,"column":4},"end":{"line":10,"column":5}},"loc":{"start":{"line":10,"column":24},"end":{"line":12,"column":5}},"line":10},"2":{"name":"(anonymous_2)","decl":{"start":{"line":14,"column":4},"end":{"line":14,"column":5}},"loc":{"start":{"line":14,"column":24},"end":{"line":17,"column":5}},"line":14}},"branchMap":{},"s":{"0":0,"1":0,"2":0,"3":0,"4":0},"f":{"0":0,"1":0,"2":0},"b":{}}
,"D:\\My folder\\UDEMY\\JavaScript + Vue\\HTML уроки\\104 Тестирование проекта Avia Tickets\\src\\js\\views\\favoritesTickets.js": {"path":"D:\\My folder\\UDEMY\\JavaScript + Vue\\HTML уроки\\104 Тестирование проекта Avia Tickets\\src\\js\\views\\favoritesTickets.js","statementMap":{"0":{"start":{"line":5,"column":8},"end":{"line":5,"column":69}},"1":{"start":{"line":6,"column":8},"end":{"line":6,"column":75}},"2":{"start":{"line":10,"column":25},"end":{"line":10,"column":49}},"3":{"start":{"line":12,"column":29},"end":{"line":12,"column":88}},"4":{"start":{"line":14,"column":8},"end":{"line":14,"column":70}},"5":{"start":{"line":18,"column":26},"end":{"line":18,"column":88}},"6":{"start":{"line":19,"column":8},"end":{"line":19,"column":33}},"7":{"start":{"line":26,"column":8},"end":{"line":59,"column":9}},"8":{"start":{"line":64,"column":27},"end":{"line":64,"column":61}}},"fnMap":{"0":{"name":"(anonymous_0)","decl":{"start":{"line":4,"column":4},"end":{"line":4,"column":5}},"loc":{"start":{"line":4,"column":26},"end":{"line":7,"column":5}},"line":4},"1":{"name":"(anonymous_1)","decl":{"start":{"line":9,"column":4},"end":{"line":9,"column":5}},"loc":{"start":{"line":9,"column":33},"end":{"line":15,"column":5}},"line":9},"2":{"name":"(anonymous_2)","decl":{"start":{"line":17,"column":4},"end":{"line":17,"column":5}},"loc":{"start":{"line":17,"column":34},"end":{"line":22,"column":5}},"line":17},"3":{"name":"(anonymous_3)","decl":{"start":{"line":24,"column":4},"end":{"line":24,"column":5}},"loc":{"start":{"line":24,"column":52},"end":{"line":60,"column":5}},"line":24}},"branchMap":{},"s":{"0":0,"1":0,"2":0,"3":0,"4":0,"5":0,"6":0,"7":0,"8":0},"f":{"0":0,"1":0,"2":0,"3":0},"b":{}}
,"D:\\My folder\\UDEMY\\JavaScript + Vue\\HTML уроки\\104 Тестирование проекта Avia Tickets\\src\\js\\views\\form.js": {"path":"D:\\My folder\\UDEMY\\JavaScript + Vue\\HTML уроки\\104 Тестирование проекта Avia Tickets\\src\\js\\views\\form.js","statementMap":{"0":{"start":{"line":5,"column":8},"end":{"line":5,"column":56}},"1":{"start":{"line":6,"column":8},"end":{"line":6,"column":69}},"2":{"start":{"line":7,"column":8},"end":{"line":7,"column":79}},"3":{"start":{"line":8,"column":8},"end":{"line":8,"column":67}},"4":{"start":{"line":9,"column":8},"end":{"line":9,"column":67}},"5":{"start":{"line":10,"column":8},"end":{"line":10,"column":68}},"6":{"start":{"line":11,"column":8},"end":{"line":11,"column":78}},"7":{"start":{"line":12,"column":8},"end":{"line":12,"column":64}},"8":{"start":{"line":13,"column":8},"end":{"line":13,"column":64}},"9":{"start":{"line":17,"column":8},"end":{"line":17,"column":26}},"10":{"start":{"line":21,"column":8},"end":{"line":21,"column":33}},"11":{"start":{"line":25,"column":8},"end":{"line":25,"column":38}},"12":{"start":{"line":29,"column":8},"end":{"line":29,"column":48}},"13":{"start":{"line":32,"column":8},"end":{"line":32,"column":48}},"14":{"start":{"line":36,"column":8},"end":{"line":36,"column":49}},"15":{"start":{"line":37,"column":8},"end":{"line":37,"column":54}},"16":{"start":{"line":41,"column":15},"end":{"line":41,"column":73}}},"fnMap":{"0":{"name":"(anonymous_0)","decl":{"start":{"line":4,"column":4},"end":{"line":4,"column":5}},"loc":{"start":{"line":4,"column":58},"end":{"line":14,"column":5}},"line":4},"1":{"name":"(anonymous_1)","decl":{"start":{"line":16,"column":4},"end":{"line":16,"column":5}},"loc":{"start":{"line":16,"column":15},"end":{"line":18,"column":5}},"line":16},"2":{"name":"(anonymous_2)","decl":{"start":{"line":20,"column":4},"end":{"line":20,"column":5}},"loc":{"start":{"line":20,"column":22},"end":{"line":22,"column":5}},"line":20},"3":{"name":"(anonymous_3)","decl":{"start":{"line":24,"column":4},"end":{"line":24,"column":5}},"loc":{"start":{"line":24,"column":27},"end":{"line":26,"column":5}},"line":24},"4":{"name":"(anonymous_4)","decl":{"start":{"line":28,"column":4},"end":{"line":28,"column":5}},"loc":{"start":{"line":28,"column":22},"end":{"line":30,"column":5}},"line":28},"5":{"name":"(anonymous_5)","decl":{"start":{"line":31,"column":4},"end":{"line":31,"column":5}},"loc":{"start":{"line":31,"column":22},"end":{"line":33,"column":5}},"line":31},"6":{"name":"(anonymous_6)","decl":{"start":{"line":35,"column":4},"end":{"line":35,"column":5}},"loc":{"start":{"line":35,"column":30},"end":{"line":38,"column":5}},"line":35}},"branchMap":{},"s":{"0":0,"1":0,"2":0,"3":0,"4":0,"5":0,"6":0,"7":0,"8":0,"9":0,"10":0,"11":0,"12":0,"13":0,"14":0,"15":0,"16":0},"f":{"0":0,"1":0,"2":0,"3":0,"4":0,"5":0,"6":0},"b":{}}
,"D:\\My folder\\UDEMY\\JavaScript + Vue\\HTML уроки\\104 Тестирование проекта Avia Tickets\\src\\js\\views\\tickets.js": {"path":"D:\\My folder\\UDEMY\\JavaScript + Vue\\HTML уроки\\104 Тестирование проекта Avia Tickets\\src\\js\\views\\tickets.js","statementMap":{"0":{"start":{"line":5,"column":8},"end":{"line":5,"column":74}},"1":{"start":{"line":6,"column":8},"end":{"line":6,"column":75}},"2":{"start":{"line":10,"column":8},"end":{"line":10,"column":30}},"3":{"start":{"line":11,"column":8},"end":{"line":14,"column":9}},"4":{"start":{"line":12,"column":12},"end":{"line":12,"column":32}},"5":{"start":{"line":13,"column":12},"end":{"line":13,"column":19}},"6":{"start":{"line":16,"column":23},"end":{"line":16,"column":25}},"7":{"start":{"line":18,"column":25},"end":{"line":18,"column":49}},"8":{"start":{"line":20,"column":8},"end":{"line":23,"column":11}},"9":{"start":{"line":21,"column":25},"end":{"line":21,"column":67}},"10":{"start":{"line":22,"column":12},"end":{"line":22,"column":29}},"11":{"start":{"line":25,"column":8},"end":{"line":25,"column":66}},"12":{"start":{"line":29,"column":8},"end":{"line":29,"column":38}},"13":{"start":{"line":33,"column":20},"end":{"line":33,"column":48}},"14":{"start":{"line":34,"column":8},"end":{"line":34,"column":61}},"15":{"start":{"line":38,"column":8},"end":{"line":42,"column":10}},"16":{"start":{"line":46,"column":8},"end":{"line":80,"column":10}},"17":{"start":{"line":84,"column":18},"end":{"line":84,"column":43}}},"fnMap":{"0":{"name":"(anonymous_0)","decl":{"start":{"line":4,"column":4},"end":{"line":4,"column":5}},"loc":{"start":{"line":4,"column":26},"end":{"line":7,"column":5}},"line":4},"1":{"name":"(anonymous_1)","decl":{"start":{"line":9,"column":4},"end":{"line":9,"column":5}},"loc":{"start":{"line":9,"column":27},"end":{"line":26,"column":5}},"line":9},"2":{"name":"(anonymous_2)","decl":{"start":{"line":20,"column":24},"end":{"line":20,"column":25}},"loc":{"start":{"line":20,"column":34},"end":{"line":23,"column":9}},"line":20},"3":{"name":"(anonymous_3)","decl":{"start":{"line":28,"column":4},"end":{"line":28,"column":5}},"loc":{"start":{"line":28,"column":21},"end":{"line":30,"column":5}},"line":28},"4":{"name":"(anonymous_4)","decl":{"start":{"line":32,"column":4},"end":{"line":32,"column":5}},"loc":{"start":{"line":32,"column":19},"end":{"line":35,"column":5}},"line":32},"5":{"name":"(anonymous_5)","decl":{"start":{"line":37,"column":4},"end":{"line":37,"column":5}},"loc":{"start":{"line":37,"column":30},"end":{"line":43,"column":5}},"line":37},"6":{"name":"(anonymous_6)","decl":{"start":{"line":45,"column":4},"end":{"line":45,"column":5}},"loc":{"start":{"line":45,"column":44},"end":{"line":81,"column":5}},"line":45}},"branchMap":{"0":{"loc":{"start":{"line":11,"column":8},"end":{"line":14,"column":9}},"type":"if","locations":[{"start":{"line":11,"column":8},"end":{"line":14,"column":9}},{"start":{},"end":{}}],"line":11}},"s":{"0":0,"1":0,"2":0,"3":0,"4":0,"5":0,"6":0,"7":0,"8":0,"9":0,"10":0,"11":0,"12":0,"13":0,"14":0,"15":0,"16":0,"17":0},"f":{"0":0,"1":0,"2":0,"3":0,"4":0,"5":0,"6":0},"b":{"0":[0,0]}}
}
